<?xml version="1.0" encoding="UTF-8"?>
<!-- Generated by org.testng.reporters.JUnitReportReporter -->
<testsuite hostname="DESKTOP-QOG61BE" name="com.org.AnimalsTest" tests="1" failures="0" timestamp="18 Dec 2023 16:01:50 GMT" time="0.002" errors="0">
  <testcase name="zebra" time="0.002" classname="com.org.AnimalsTest"/>
</testsuite> <!-- com.org.AnimalsTest -->
