<?xml version="1.0" encoding="UTF-8"?>
<!-- Generated by org.testng.reporters.JUnitReportReporter -->
<testsuite hostname="DESKTOP-QOG61BE" name="DeleteTest" tests="1" failures="0" timestamp="3 Jan 2024 02:45:00 GMT" time="2.237" errors="0">
  <testcase name="delete" time="2.237" classname="DeleteTest"/>
</testsuite> <!-- DeleteTest -->
