<?xml version="1.0" encoding="UTF-8"?>
<!-- Generated by org.testng.reporters.JUnitReportReporter -->
<testsuite hostname="DESKTOP-QOG61BE" name="com.fruits.PomogranateTest" tests="1" failures="0" timestamp="19 Dec 2023 01:50:27 GMT" time="0.001" errors="0">
  <testcase name="pomogranate" time="0.001" classname="com.fruits.PomogranateTest"/>
</testsuite> <!-- com.fruits.PomogranateTest -->
