<?xml version="1.0" encoding="UTF-8"?>
<!-- Generated by org.testng.reporters.JUnitReportReporter -->
<testsuite hostname="DESKTOP-QOG61BE" name="DeleteTest" tests="1" failures="0" timestamp="4 Jan 2024 03:15:20 GMT" time="2.048" errors="0">
  <testcase name="delete" time="2.048" classname="DeleteTest"/>
</testsuite> <!-- DeleteTest -->
