<?xml version="1.0" encoding="UTF-8"?>
<!-- Generated by org.testng.reporters.JUnitReportReporter -->
<testsuite hostname="DESKTOP-QOG61BE" name="com.org.PaymentTest" tests="3" failures="0" timestamp="19 Dec 2023 01:43:04 GMT" time="0.015" errors="0">
  <testcase name="billing" time="0.001" classname="com.org.PaymentTest"/>
  <testcase name="cart" time="0.012" classname="com.org.PaymentTest"/>
  <testcase name="payment" time="0.002" classname="com.org.PaymentTest"/>
</testsuite> <!-- com.org.PaymentTest -->
