<?xml version="1.0" encoding="UTF-8"?>
<!-- Generated by org.testng.reporters.JUnitReportReporter -->
<testsuite hostname="DESKTOP-QOG61BE" failures="0" tests="1" name="Test_01GET" time="2.596" errors="0" timestamp="2020-08-31T19:18:10 CDT" skipped="0">
  <testcase classname="Test_01GET" name="test_01" time="2.596"/>
  <system-out/>
</testsuite> <!-- Test_01GET -->
