<?xml version="1.0" encoding="UTF-8"?>
<!-- Generated by org.testng.reporters.JUnitReportReporter -->
<testsuite hostname="DESKTOP-QOG61BE" name="CreateTest" tests="1" failures="0" timestamp="4 Jan 2024 03:19:13 GMT" time="2.940" errors="0">
  <testcase name="create" time="2.940" classname="CreateTest"/>
</testsuite> <!-- CreateTest -->
