<?xml version="1.0" encoding="UTF-8"?>
<!-- Generated by org.testng.reporters.JUnitReportReporter -->
<testsuite hostname="DESKTOP-QOG61BE" name="com.org.Assert2Test" tests="1" failures="0" timestamp="18 Dec 2023 02:26:42 GMT" time="0.025" errors="0">
  <testcase name="softValidation" time="0.025" classname="com.org.Assert2Test"/>
</testsuite> <!-- com.org.Assert2Test -->
