<?xml version="1.0" encoding="UTF-8"?>
<!-- Generated by org.testng.reporters.JUnitReportReporter -->
<testsuite hostname="DESKTOP-QOG61BE" name="UpdateTest" tests="1" failures="0" timestamp="3 Jan 2024 02:41:08 GMT" time="2.487" errors="0">
  <testcase name="update" time="2.487" classname="UpdateTest"/>
</testsuite> <!-- UpdateTest -->
