<?xml version="1.0" encoding="UTF-8"?>
<!-- Generated by org.testng.reporters.JUnitReportReporter -->
<testsuite hostname="DESKTOP-QOG61BE" name="SingleUserTest" tests="1" failures="0" timestamp="2 Jan 2024 02:37:12 GMT" time="1.787" errors="0">
  <testcase name="singleUser" time="1.787" classname="SingleUserTest"/>
</testsuite> <!-- SingleUserTest -->
