<?xml version="1.0" encoding="UTF-8"?>
<!-- Generated by org.testng.reporters.JUnitReportReporter -->
<testsuite hostname="DESKTOP-QOG61BE" name="CreateTest" tests="1" failures="0" timestamp="3 Jan 2024 02:31:31 GMT" time="2.552" errors="0">
  <testcase name="create" time="2.552" classname="CreateTest"/>
</testsuite> <!-- CreateTest -->
