<?xml version="1.0" encoding="UTF-8"?>
<!-- Generated by org.testng.reporters.JUnitReportReporter -->
<testsuite hostname="DESKTOP-QOG61BE" name="com.api.UpdateTest" tests="1" failures="0" timestamp="2 Jan 2024 00:40:10 GMT" time="2.750" errors="0">
  <testcase name="updateTest" time="2.750" classname="com.api.UpdateTest"/>
</testsuite> <!-- com.api.UpdateTest -->
