<?xml version="1.0" encoding="UTF-8"?>
<!-- Generated by org.testng.reporters.JUnitReportReporter -->
<testsuite hostname="DESKTOP-QOG61BE" name="UpdateTest" tests="1" failures="0" timestamp="4 Jan 2024 03:15:12 GMT" time="2.764" errors="0">
  <testcase name="update" time="2.764" classname="UpdateTest"/>
</testsuite> <!-- UpdateTest -->
