<?xml version="1.0" encoding="UTF-8"?>
<!-- Generated by org.testng.reporters.JUnitReportReporter -->
<testsuite hostname="DESKTOP-QOG61BE" name="com.api.ResgisterTest" tests="1" failures="0" timestamp="2 Jan 2024 00:40:10 GMT" time="0.318" errors="0">
  <testcase name="register" time="0.318" classname="com.api.ResgisterTest"/>
</testsuite> <!-- com.api.ResgisterTest -->
