<?xml version="1.0" encoding="UTF-8"?>
<!-- Generated by org.testng.reporters.JUnitReportReporter -->
<testsuite hostname="DESKTOP-QOG61BE" name="com.rest.SingleResourceTest" tests="1" failures="0" timestamp="4 Jan 2024 03:24:58 GMT" time="0.312" errors="0">
  <testcase name="singleResource" time="0.312" classname="com.rest.SingleResourceTest"/>
</testsuite> <!-- com.rest.SingleResourceTest -->
