<?xml version="1.0" encoding="UTF-8"?>
<!-- Generated by org.testng.reporters.JUnitReportReporter -->
<testsuite hostname="DESKTOP-QOG61BE" name="com.rest.UpdateTest" tests="1" failures="0" timestamp="4 Jan 2024 03:24:58 GMT" time="2.660" errors="0">
  <testcase name="update" time="2.660" classname="com.rest.UpdateTest"/>
</testsuite> <!-- com.rest.UpdateTest -->
