<?xml version="1.0" encoding="UTF-8"?>
<!-- Generated by org.testng.reporters.JUnitReportReporter -->
<testsuite hostname="DESKTOP-QOG61BE" name="SingleResource" tests="1" failures="0" timestamp="2 Jan 2024 03:21:08 GMT" time="2.112" errors="0">
  <testcase name="singleResource" time="2.112" classname="SingleResource"/>
</testsuite> <!-- SingleResource -->
