<?xml version="1.0" encoding="UTF-8"?>
<!-- Generated by org.testng.reporters.JUnitReportReporter -->
<testsuite hostname="DESKTOP-QOG61BE" name="com.org.Attribute2Test" tests="1" failures="0" timestamp="19 Dec 2023 01:43:04 GMT" time="0.007" errors="0">
  <testcase name="attribute2" time="0.007" classname="com.org.Attribute2Test"/>
</testsuite> <!-- com.org.Attribute2Test -->
