<?xml version="1.0" encoding="UTF-8"?>
<!-- Generated by org.testng.reporters.JUnitReportReporter -->
<testsuite hostname="DESKTOP-QOG61BE" name="ListUsersTest" tests="1" failures="0" timestamp="2 Jan 2024 02:24:02 GMT" time="2.408" errors="0">
  <testcase name="listUsers" time="2.408" classname="ListUsersTest"/>
</testsuite> <!-- ListUsersTest -->
