<?xml version="1.0" encoding="UTF-8"?>
<!-- Generated by org.testng.reporters.JUnitReportReporter -->
<testsuite hostname="DESKTOP-QOG61BE" name="com.api.CountryTest" tests="1" failures="0" timestamp="2 Jan 2024 00:40:10 GMT" time="1.241" errors="0">
  <testcase name="country" time="1.241" classname="com.api.CountryTest"/>
</testsuite> <!-- com.api.CountryTest -->
