<?xml version="1.0" encoding="UTF-8"?>
<!-- Generated by org.testng.reporters.JUnitReportReporter -->
<testsuite hostname="DESKTOP-QOG61BE" name="com.api.AssertTest" tests="1" failures="0" timestamp="2 Jan 2024 00:40:10 GMT" time="0.313" errors="0">
  <testcase name="assertTest" time="0.313" classname="com.api.AssertTest"/>
</testsuite> <!-- com.api.AssertTest -->
