<?xml version="1.0" encoding="UTF-8"?>
<!-- Generated by org.testng.reporters.JUnitReportReporter -->
<testsuite hostname="DESKTOP-QOG61BE" name="com.org.FruitsTest" tests="4" failures="0" timestamp="18 Dec 2023 16:01:50 GMT" time="0.009" errors="0">
  <testcase name="grapes" time="0.001" classname="com.org.FruitsTest"/>
  <testcase name="pomegranate" time="0.001" classname="com.org.FruitsTest"/>
  <testcase name="apple" time="0.006" classname="com.org.FruitsTest"/>
  <testcase name="guva" time="0.001" classname="com.org.FruitsTest"/>
</testsuite> <!-- com.org.FruitsTest -->
