<?xml version="1.0" encoding="UTF-8"?>
<!-- Generated by org.testng.reporters.JUnitReportReporter -->
<testsuite hostname="DESKTOP-QOG61BE" name="com.org.AttributeGroup1Test" tests="1" failures="0" timestamp="19 Dec 2023 01:42:32 GMT" time="0.016" errors="0">
  <testcase name="loginPage" time="0.016" classname="com.org.AttributeGroup1Test"/>
</testsuite> <!-- com.org.AttributeGroup1Test -->
