<?xml version="1.0" encoding="UTF-8"?>
<!-- Generated by org.testng.reporters.JUnitReportReporter -->
<testsuite hostname="DESKTOP-QOG61BE" name="com.fruits.OrangeTest" tests="1" failures="0" timestamp="19 Dec 2023 01:50:27 GMT" time="0.020" errors="0">
  <testcase name="orange" time="0.020" classname="com.fruits.OrangeTest"/>
</testsuite> <!-- com.fruits.OrangeTest -->
