<?xml version="1.0" encoding="UTF-8"?>
<!-- Generated by org.testng.reporters.JUnitReportReporter -->
<testsuite hostname="DESKTOP-QOG61BE" name="com.api.CreateUser" tests="1" failures="0" timestamp="3 Jan 2024 01:39:10 GMT" time="4.314" errors="0">
  <testcase name="newUser" time="4.314" classname="com.api.CreateUser"/>
</testsuite> <!-- com.api.CreateUser -->
