<?xml version="1.0" encoding="UTF-8"?>
<!-- Generated by org.testng.reporters.JUnitReportReporter -->
<testsuite hostname="DESKTOP-QOG61BE" name="com.api.AllUsersTest" tests="3" failures="0" timestamp="2 Jan 2024 00:40:10 GMT" time="0.430" errors="0">
  <testcase name="allUsers1" time="0.169" classname="com.api.AllUsersTest"/>
  <testcase name="allUsers" time="0.125" classname="com.api.AllUsersTest"/>
  <testcase name="singleUser" time="0.136" classname="com.api.AllUsersTest"/>
</testsuite> <!-- com.api.AllUsersTest -->
