<?xml version="1.0" encoding="UTF-8"?>
<!-- Generated by org.testng.reporters.JUnitReportReporter -->
<testsuite hostname="DESKTOP-QOG61BE" name="com.org.Attribute3Test" tests="5" failures="0" timestamp="19 Dec 2023 01:43:04 GMT" time="0.003" errors="0">
  <testcase name="apple" time="0.001" classname="com.org.Attribute3Test"/>
  <testcase name="mango" time="0.001" classname="com.org.Attribute3Test"/>
  <testcase name="grapes" time="0.000" classname="com.org.Attribute3Test"/>
  <testcase name="promo" time="0.000" classname="com.org.Attribute3Test"/>
  <testcase name="orange" time="0.001" classname="com.org.Attribute3Test"/>
</testsuite> <!-- com.org.Attribute3Test -->
