<?xml version="1.0" encoding="UTF-8"?>
<!-- Generated by org.testng.reporters.JUnitReportReporter -->
<testsuite hostname="DESKTOP-QOG61BE" name="com.create.CreateUserData" tests="3" failures="0" timestamp="21 Dec 2023 02:31:47 GMT" time="0.011" errors="0">
  <testcase name="createUser" time="0.011" classname="com.create.CreateUserData"/>
  <testcase name="students" time="0.000" classname="com.create.CreateUserData"/>
  <testcase name="teachers" time="0.000" classname="com.create.CreateUserData"/>
</testsuite> <!-- com.create.CreateUserData -->
