<?xml version="1.0" encoding="UTF-8"?>
<!-- Generated by org.testng.reporters.JUnitReportReporter -->
<testsuite hostname="DESKTOP-QOG61BE" name="com.vegetables.TomatoTest" tests="1" failures="0" timestamp="18 Dec 2023 16:28:12 GMT" time="0.015" errors="0">
  <testcase name="tomato" time="0.015" classname="com.vegetables.TomatoTest"/>
</testsuite> <!-- com.vegetables.TomatoTest -->
