<?xml version="1.0" encoding="UTF-8"?>
<!-- Generated by org.testng.reporters.JUnitReportReporter -->
<testsuite hostname="DESKTOP-QOG61BE" name="com.rest.DeleteTest" tests="1" failures="0" timestamp="4 Jan 2024 03:24:58 GMT" time="0.317" errors="0">
  <testcase name="delete" time="0.317" classname="com.rest.DeleteTest"/>
</testsuite> <!-- com.rest.DeleteTest -->
