<?xml version="1.0" encoding="UTF-8"?>
<!-- Generated by org.testng.reporters.JUnitReportReporter -->
<testsuite hostname="DESKTOP-QOG61BE" name="com.org.Attribute1Test" tests="3" failures="0" timestamp="19 Dec 2023 01:43:04 GMT" time="0.002" errors="0">
  <testcase name="attribute1" time="0.001" classname="com.org.Attribute1Test"/>
  <testcase name="attribute1" time="0.000" classname="com.org.Attribute1Test"/>
  <testcase name="attribute1" time="0.001" classname="com.org.Attribute1Test"/>
</testsuite> <!-- com.org.Attribute1Test -->
