<?xml version="1.0" encoding="UTF-8"?>
<!-- Generated by org.testng.reporters.JUnitReportReporter -->
<testsuite hostname="DESKTOP-QOG61BE" name="com.org.ItemsToCart" tests="1" failures="0" timestamp="18 Dec 2023 02:13:09 GMT" time="0.001" errors="0">
  <testcase name="cart" time="0.001" classname="com.org.ItemsToCart"/>
</testsuite> <!-- com.org.ItemsToCart -->
