<?xml version="1.0" encoding="UTF-8"?>
<!-- Generated by org.testng.reporters.JUnitReportReporter -->
<testsuite hostname="DESKTOP-QOG61BE" name="ListResource" tests="1" failures="0" timestamp="2 Jan 2024 03:12:20 GMT" time="1.917" errors="0">
  <testcase name="listResource" time="1.917" classname="ListResource"/>
</testsuite> <!-- ListResource -->
