<?xml version="1.0" encoding="UTF-8"?>
<!-- Generated by org.testng.reporters.JUnitReportReporter -->
<testsuite hostname="DESKTOP-QOG61BE" name="com.rest.SingleUserTest" tests="1" failures="0" timestamp="4 Jan 2024 03:24:58 GMT" time="0.087" errors="0">
  <testcase name="singleUser" time="0.087" classname="com.rest.SingleUserTest"/>
</testsuite> <!-- com.rest.SingleUserTest -->
