<?xml version="1.0" encoding="UTF-8"?>
<!-- Generated by org.testng.reporters.JUnitReportReporter -->
<testsuite skipped="0" hostname="DESKTOP-QOG61BE" name="com.org.Attribute1Test" tests="3" failures="0" timestamp="04 Jan 2024 03:30:47 GMT" time="0.003" errors="0">
  <testcase name="attribute1" time="0.003" classname="com.org.Attribute1Test"/>
  <testcase name="attribute1" time="0.000" classname="com.org.Attribute1Test"/>
  <testcase name="attribute1" time="0.000" classname="com.org.Attribute1Test"/>
</testsuite> <!-- com.org.Attribute1Test -->
