<?xml version="1.0" encoding="UTF-8"?>
<!-- Generated by org.testng.reporters.JUnitReportReporter -->
<testsuite skipped="0" hostname="DESKTOP-QOG61BE" name="com.org.Attribute3Test" tests="5" failures="0" timestamp="02 Jan 2024 00:46:46 GMT" time="0.000" errors="0">
  <testcase name="orange" time="0.000" classname="com.org.Attribute3Test"/>
  <testcase name="mango" time="0.000" classname="com.org.Attribute3Test"/>
  <testcase name="promo" time="0.000" classname="com.org.Attribute3Test"/>
  <testcase name="grapes" time="0.000" classname="com.org.Attribute3Test"/>
  <testcase name="apple" time="0.000" classname="com.org.Attribute3Test"/>
</testsuite> <!-- com.org.Attribute3Test -->
