<?xml version="1.0" encoding="UTF-8"?>
<!-- Generated by org.testng.reporters.JUnitReportReporter -->
<testsuite skipped="0" hostname="DESKTOP-QOG61BE" name="com.api.DeleteTest" tests="1" failures="0" timestamp="04 Jan 2024 03:30:47 GMT" time="0.290" errors="0">
  <testcase name="deleteTest" time="0.290" classname="com.api.DeleteTest"/>
</testsuite> <!-- com.api.DeleteTest -->
