<?xml version="1.0" encoding="UTF-8"?>
<!-- Generated by org.testng.reporters.JUnitReportReporter -->
<testsuite skipped="0" hostname="DESKTOP-QOG61BE" name="com.org.AttributeGroup1Test" tests="1" failures="0" timestamp="02 Jan 2024 00:46:46 GMT" time="0.000" errors="0">
  <testcase name="loginPage" time="0.000" classname="com.org.AttributeGroup1Test"/>
</testsuite> <!-- com.org.AttributeGroup1Test -->
