<?xml version="1.0" encoding="UTF-8"?>
<!-- Generated by org.testng.reporters.JUnitReportReporter -->
<testsuite skipped="0" hostname="DESKTOP-QOG61BE" name="com.api.AssertTest" tests="1" failures="0" timestamp="02 Jan 2024 00:46:46 GMT" time="0.346" errors="0">
  <testcase name="assertTest" time="0.346" classname="com.api.AssertTest"/>
</testsuite> <!-- com.api.AssertTest -->
