<?xml version="1.0" encoding="UTF-8"?>
<!-- Generated by org.testng.reporters.JUnitReportReporter -->
<testsuite skipped="0" hostname="DESKTOP-QOG61BE" name="com.fruits.PomogranateTest" tests="1" failures="0" timestamp="04 Jan 2024 03:30:47 GMT" time="0.000" errors="0">
  <testcase name="pomogranate" time="0.000" classname="com.fruits.PomogranateTest"/>
</testsuite> <!-- com.fruits.PomogranateTest -->
