<?xml version="1.0" encoding="UTF-8"?>
<!-- Generated by org.testng.reporters.JUnitReportReporter -->
<testsuite skipped="0" hostname="DESKTOP-QOG61BE" name="com.api.AllUsersTest" tests="3" failures="0" timestamp="04 Jan 2024 03:30:47 GMT" time="0.460" errors="0">
  <testcase name="allUsers1" time="0.187" classname="com.api.AllUsersTest"/>
  <testcase name="singleUser" time="0.118" classname="com.api.AllUsersTest"/>
  <testcase name="allUsers" time="0.155" classname="com.api.AllUsersTest"/>
</testsuite> <!-- com.api.AllUsersTest -->
