<?xml version="1.0" encoding="UTF-8"?>
<!-- Generated by org.testng.reporters.JUnitReportReporter -->
<testsuite skipped="0" hostname="DESKTOP-QOG61BE" name="com.api.AllUsersTest" tests="3" failures="0" timestamp="02 Jan 2024 00:46:46 GMT" time="0.470" errors="0">
  <testcase name="singleUser" time="0.140" classname="com.api.AllUsersTest"/>
  <testcase name="allUsers1" time="0.190" classname="com.api.AllUsersTest"/>
  <testcase name="allUsers" time="0.140" classname="com.api.AllUsersTest"/>
</testsuite> <!-- com.api.AllUsersTest -->
