<?xml version="1.0" encoding="UTF-8"?>
<!-- Generated by org.testng.reporters.JUnitReportReporter -->
<testsuite skipped="0" hostname="DESKTOP-QOG61BE" name="com.org.PaymentTest" tests="3" failures="0" timestamp="02 Jan 2024 00:46:46 GMT" time="0.000" errors="0">
  <testcase name="payment" time="0.000" classname="com.org.PaymentTest"/>
  <testcase name="cart" time="0.000" classname="com.org.PaymentTest"/>
  <testcase name="billing" time="0.000" classname="com.org.PaymentTest"/>
</testsuite> <!-- com.org.PaymentTest -->
