<?xml version="1.0" encoding="UTF-8"?>
<!-- Generated by org.testng.reporters.JUnitReportReporter -->
<testsuite skipped="0" hostname="DESKTOP-QOG61BE" name="com.org.FruitsTest" tests="4" failures="0" timestamp="04 Jan 2024 03:30:47 GMT" time="0.000" errors="0">
  <testcase name="guva" time="0.000" classname="com.org.FruitsTest"/>
  <testcase name="apple" time="0.000" classname="com.org.FruitsTest"/>
  <testcase name="pomegranate" time="0.000" classname="com.org.FruitsTest"/>
  <testcase name="grapes" time="0.000" classname="com.org.FruitsTest"/>
</testsuite> <!-- com.org.FruitsTest -->
