<?xml version="1.0" encoding="UTF-8"?>
<!-- Generated by org.testng.reporters.JUnitReportReporter -->
<testsuite skipped="0" hostname="DESKTOP-QOG61BE" name="com.api.AssertTest" tests="1" failures="0" timestamp="04 Jan 2024 03:30:47 GMT" time="0.340" errors="0">
  <testcase name="assertTest" time="0.340" classname="com.api.AssertTest"/>
</testsuite> <!-- com.api.AssertTest -->
