<?xml version="1.0" encoding="UTF-8"?>
<!-- Generated by org.testng.reporters.JUnitReportReporter -->
<testsuite skipped="0" hostname="DESKTOP-QOG61BE" name="com.org.Attribute1Test" tests="3" failures="0" timestamp="02 Jan 2024 00:46:46 GMT" time="0.004" errors="0">
  <testcase name="attribute1" time="0.000" classname="com.org.Attribute1Test"/>
  <testcase name="attribute1" time="0.004" classname="com.org.Attribute1Test"/>
  <testcase name="attribute1" time="0.000" classname="com.org.Attribute1Test"/>
</testsuite> <!-- com.org.Attribute1Test -->
