<?xml version="1.0" encoding="UTF-8"?>
<!-- Generated by org.testng.reporters.JUnitReportReporter -->
<testsuite skipped="0" hostname="DESKTOP-QOG61BE" name="com.api.CountryTest" tests="1" failures="0" timestamp="02 Jan 2024 00:46:46 GMT" time="1.315" errors="0">
  <testcase name="country" time="1.315" classname="com.api.CountryTest"/>
</testsuite> <!-- com.api.CountryTest -->
