<?xml version="1.0" encoding="UTF-8"?>
<!-- Generated by org.testng.reporters.JUnitReportReporter -->
<testsuite skipped="0" hostname="DESKTOP-QOG61BE" name="com.org.Attribute2Test" tests="1" failures="0" timestamp="02 Jan 2024 00:46:46 GMT" time="0.010" errors="0">
  <testcase name="attribute2" time="0.010" classname="com.org.Attribute2Test"/>
</testsuite> <!-- com.org.Attribute2Test -->
